2025-11-14 20:23:12,729 INFO o.a.j.u.JMeterUtils: Setting Locale to en_EN
2025-11-14 20:23:12,749 INFO o.a.j.JMeter: Loading user properties from: C:\Tools\apache-jmeter-5.6.3\bin\user.properties
2025-11-14 20:23:12,749 INFO o.a.j.JMeter: Loading system properties from: C:\Tools\apache-jmeter-5.6.3\bin\system.properties
2025-11-14 20:23:12,749 INFO o.a.j.JMeter: Loading additional properties from: backend/tests/jmeter/props/local.properties
2025-11-14 20:23:12,756 INFO o.a.j.JMeter: Copyright (c) 1998-2024 The Apache Software Foundation
2025-11-14 20:23:12,756 INFO o.a.j.JMeter: Version 5.6.3
2025-11-14 20:23:12,756 INFO o.a.j.JMeter: java.version=24.0.2
2025-11-14 20:23:12,756 INFO o.a.j.JMeter: java.vm.name=Java HotSpot(TM) 64-Bit Server VM
2025-11-14 20:23:12,756 INFO o.a.j.JMeter: os.name=Windows 11
2025-11-14 20:23:12,757 INFO o.a.j.JMeter: os.arch=amd64
2025-11-14 20:23:12,757 INFO o.a.j.JMeter: os.version=10.0
2025-11-14 20:23:12,757 INFO o.a.j.JMeter: file.encoding=UTF-8
2025-11-14 20:23:12,757 INFO o.a.j.JMeter: java.awt.headless=true
2025-11-14 20:23:12,757 INFO o.a.j.JMeter: Max memory     =1073741824
2025-11-14 20:23:12,757 INFO o.a.j.JMeter: Available Processors =12
2025-11-14 20:23:12,769 INFO o.a.j.JMeter: Default Locale=English (EN)
2025-11-14 20:23:12,769 INFO o.a.j.JMeter: JMeter  Locale=English (EN)
2025-11-14 20:23:12,770 INFO o.a.j.JMeter: JMeterHome=C:\Tools\apache-jmeter-5.6.3
2025-11-14 20:23:12,770 INFO o.a.j.JMeter: user.dir  =C:\SI\teste-software-univas
2025-11-14 20:23:12,770 INFO o.a.j.JMeter: PWD       =C:\SI\teste-software-univas
2025-11-14 20:23:12,773 INFO o.a.j.JMeter: IP: 192.168.190.189 Name: UNI-LABF-7384 FullName: UNI-LABF-7384.fuvs.br
2025-11-14 20:23:12,785 INFO o.a.j.JMeter: Setting property 'jmeter.reportgenerator.outputdir' to:'C:\SI\teste-software-univas\backend\tests\jmeter\reports\tasks'
2025-11-14 20:23:12,788 INFO o.a.j.s.FileServer: Default base='C:\SI\teste-software-univas'
2025-11-14 20:23:12,789 INFO o.a.j.s.FileServer: Set new base='C:\SI\teste-software-univas\backend\tests\jmeter\plans'
2025-11-14 20:23:13,103 INFO o.a.j.s.SaveService: Testplan (JMX) version: 2.2. Testlog (JTL) version: 2.2
2025-11-14 20:23:13,139 INFO o.a.j.s.SaveService: Using SaveService properties version 5.0
2025-11-14 20:23:13,143 INFO o.a.j.s.SaveService: Using SaveService properties file encoding UTF-8
2025-11-14 20:23:13,147 INFO o.a.j.s.SaveService: Loading file: backend\tests\jmeter\plans\tasks.jmx
2025-11-14 20:23:13,298 INFO o.a.j.p.h.s.HTTPSamplerBase: Parser for text/html is org.apache.jmeter.protocol.http.parser.LagartoBasedHtmlParser
2025-11-14 20:23:13,298 INFO o.a.j.p.h.s.HTTPSamplerBase: Parser for application/xhtml+xml is org.apache.jmeter.protocol.http.parser.LagartoBasedHtmlParser
2025-11-14 20:23:13,298 INFO o.a.j.p.h.s.HTTPSamplerBase: Parser for application/xml is org.apache.jmeter.protocol.http.parser.LagartoBasedHtmlParser
2025-11-14 20:23:13,299 INFO o.a.j.p.h.s.HTTPSamplerBase: Parser for text/xml is org.apache.jmeter.protocol.http.parser.LagartoBasedHtmlParser
2025-11-14 20:23:13,299 INFO o.a.j.p.h.s.HTTPSamplerBase: Parser for text/vnd.wap.wml is org.apache.jmeter.protocol.http.parser.RegexpHTMLParser
2025-11-14 20:23:13,299 INFO o.a.j.p.h.s.HTTPSamplerBase: Parser for text/css is org.apache.jmeter.protocol.http.parser.CssParser
2025-11-14 20:23:13,329 INFO o.a.j.JMeter: Creating summariser <summary>
2025-11-14 20:23:13,334 INFO o.a.j.r.d.ReportGenerator: ReportGenerator will use for Parsing the separator: ','
2025-11-14 20:23:13,334 INFO o.a.j.r.d.ReportGenerator: Will generate report at end of test from  results file: backend/tests/jmeter/results/tasks.jtl
2025-11-14 20:23:13,334 INFO o.a.j.r.d.ReportGenerator: Reading report generator properties from: C:\Tools\apache-jmeter-5.6.3\bin\reportgenerator.properties
2025-11-14 20:23:13,367 INFO o.a.j.r.d.ReportGenerator: Merging with JMeter properties
2025-11-14 20:23:13,377 INFO o.a.j.r.c.ReportGeneratorConfiguration: Property 'jmeter.reportgenerator.temp_dir' not found, using default value 'temp' instead.
2025-11-14 20:23:13,382 INFO o.a.j.r.c.ReportGeneratorConfiguration: Property 'jmeter.reportgenerator.apdex_per_transaction' not found, using default value 'null' instead.
2025-11-14 20:23:13,382 INFO o.a.j.r.c.ReportGeneratorConfiguration: apdex_per_transaction is empty, not APDEX per transaction customization
2025-11-14 20:23:13,383 INFO o.a.j.r.c.ReportGeneratorConfiguration: Property 'jmeter.reportgenerator.sample_filter' not found, using default value 'null' instead.
2025-11-14 20:23:13,383 INFO o.a.j.r.c.ReportGeneratorConfiguration: Property 'jmeter.reportgenerator.report_title' not found, using default value 'null' instead.
2025-11-14 20:23:13,383 INFO o.a.j.r.c.ReportGeneratorConfiguration: Property 'jmeter.reportgenerator.start_date' not found, using default value 'null' instead.
2025-11-14 20:23:13,383 INFO o.a.j.r.c.ReportGeneratorConfiguration: Property 'jmeter.reportgenerator.end_date' not found, using default value 'null' instead.
2025-11-14 20:23:13,383 INFO o.a.j.r.c.ReportGeneratorConfiguration: Property 'jmeter.reportgenerator.date_format' not found, using default value 'null' instead.
2025-11-14 20:23:13,383 INFO o.a.j.r.c.ReportGeneratorConfiguration: Will use date range start date: null, end date: null
2025-11-14 20:23:13,389 INFO o.a.j.r.c.ReportGeneratorConfiguration: Property 'jmeter.reportgenerator.graph.totalTPS.exclude_controllers' not found, using default value 'false' instead.
2025-11-14 20:23:13,390 INFO o.a.j.r.c.ReportGeneratorConfiguration: Property 'jmeter.reportgenerator.graph.activeThreadsOverTime.exclude_controllers' not found, using default value 'false' instead.
2025-11-14 20:23:13,390 INFO o.a.j.r.c.ReportGeneratorConfiguration: Property 'jmeter.reportgenerator.graph.timeVsThreads.exclude_controllers' not found, using default value 'false' instead.
2025-11-14 20:23:13,390 INFO o.a.j.r.c.ReportGeneratorConfiguration: Property 'jmeter.reportgenerator.graph.responseTimeDistribution.exclude_controllers' not found, using default value 'false' instead.
2025-11-14 20:23:13,390 INFO o.a.j.r.c.ReportGeneratorConfiguration: Property 'jmeter.reportgenerator.graph.transactionsPerSecond.exclude_controllers' not found, using default value 'false' instead.
2025-11-14 20:23:13,391 INFO o.a.j.r.c.ReportGeneratorConfiguration: Property 'jmeter.reportgenerator.graph.responseTimePercentiles.exclude_controllers' not found, using default value 'false' instead.
2025-11-14 20:23:13,391 INFO o.a.j.r.c.ReportGeneratorConfiguration: Property 'jmeter.reportgenerator.graph.responseTimePercentilesOverTime.exclude_controllers' not found, using default value 'false' instead.
2025-11-14 20:23:13,391 INFO o.a.j.r.c.ReportGeneratorConfiguration: Property 'jmeter.reportgenerator.graph.responseTimesOverTime.exclude_controllers' not found, using default value 'false' instead.
2025-11-14 20:23:13,391 INFO o.a.j.r.c.ReportGeneratorConfiguration: Property 'jmeter.reportgenerator.graph.connectTimeOverTime.exclude_controllers' not found, using default value 'false' instead.
2025-11-14 20:23:13,391 INFO o.a.j.r.c.ReportGeneratorConfiguration: Property 'jmeter.reportgenerator.graph.latenciesOverTime.exclude_controllers' not found, using default value 'false' instead.
2025-11-14 20:23:13,392 INFO o.a.j.r.c.ReportGeneratorConfiguration: Property 'jmeter.reportgenerator.exporter.json.filters_only_sample_series' not found, using default value 'true' instead.
2025-11-14 20:23:13,392 INFO o.a.j.r.c.ReportGeneratorConfiguration: Property 'jmeter.reportgenerator.exporter.json.series_filter' not found, using default value '' instead.
2025-11-14 20:23:13,392 INFO o.a.j.r.c.ReportGeneratorConfiguration: Property 'jmeter.reportgenerator.exporter.json.show_controllers_only' not found, using default value 'false' instead.
2025-11-14 20:23:13,393 INFO o.a.j.r.c.ReportGeneratorConfiguration: Property 'jmeter.reportgenerator.exporter.html.filters_only_sample_series' not found, using default value 'true' instead.
2025-11-14 20:23:13,393 INFO o.a.j.r.c.ReportGeneratorConfiguration: Property 'jmeter.reportgenerator.exporter.html.series_filter' not found, using default value '' instead.
2025-11-14 20:23:13,393 INFO o.a.j.r.c.ReportGeneratorConfiguration: Property 'jmeter.reportgenerator.exporter.html.show_controllers_only' not found, using default value 'false' instead.
2025-11-14 20:23:13,443 INFO o.a.j.e.StandardJMeterEngine: Running the test!
2025-11-14 20:23:13,444 INFO o.a.j.s.SampleEvent: List of sample_variables: []
2025-11-14 20:23:13,444 INFO o.a.j.s.SampleEvent: List of sample_variables: []
2025-11-14 20:23:13,454 INFO o.a.j.e.u.CompoundVariable: Note: Function class names must contain the string: '.functions.'
2025-11-14 20:23:13,454 INFO o.a.j.e.u.CompoundVariable: Note: Function class names must not contain the string: '.gui.'
2025-11-14 20:23:13,543 INFO o.a.j.JMeter: Running test (1763162593543)
2025-11-14 20:23:13,565 INFO o.a.j.e.StandardJMeterEngine: Starting ThreadGroup: 1 : Task API
2025-11-14 20:23:13,565 INFO o.a.j.e.StandardJMeterEngine: Starting 100 threads for group Task API.
2025-11-14 20:23:13,565 INFO o.a.j.e.StandardJMeterEngine: Thread will continue on error
2025-11-14 20:23:13,565 INFO o.a.j.t.ThreadGroup: Starting thread group... number=1 threads=100 ramp-up=10 delayedStart=false
2025-11-14 20:23:13,583 INFO o.a.j.t.JMeterThread: Thread started: Task API 1-1
2025-11-14 20:23:13,622 INFO o.a.j.p.h.s.HTTPHCAbstractImpl: Local host = UNI-LABF-7384
2025-11-14 20:23:13,622 INFO o.a.j.t.ThreadGroup: Started thread group number 1
2025-11-14 20:23:13,622 INFO o.a.j.e.StandardJMeterEngine: All thread groups have been started
2025-11-14 20:23:13,635 INFO o.a.j.p.h.s.HTTPHC4Impl: HTTP request retry count = 0
2025-11-14 20:23:13,638 INFO o.a.j.s.SampleResult: Note: Sample TimeStamps are START times
2025-11-14 20:23:13,638 INFO o.a.j.s.SampleResult: sampleresult.default.encoding is set to UTF-8
2025-11-14 20:23:13,638 INFO o.a.j.s.SampleResult: sampleresult.useNanoTime=true
2025-11-14 20:23:13,638 INFO o.a.j.s.SampleResult: sampleresult.nanoThreadSleep=5000
2025-11-14 20:23:13,682 INFO o.a.j.t.JMeterThread: Thread started: Task API 1-2
2025-11-14 20:23:13,780 INFO o.a.j.t.JMeterThread: Thread started: Task API 1-3
2025-11-14 20:23:13,804 INFO o.a.j.t.JMeterThread: Thread is done: Task API 1-3
2025-11-14 20:23:13,804 INFO o.a.j.t.JMeterThread: Thread finished: Task API 1-3
2025-11-14 20:23:13,804 INFO o.a.j.t.JMeterThread: Thread is done: Task API 1-2
2025-11-14 20:23:13,804 INFO o.a.j.t.JMeterThread: Thread finished: Task API 1-2
2025-11-14 20:23:13,805 INFO o.a.j.t.JMeterThread: Thread is done: Task API 1-1
2025-11-14 20:23:13,805 INFO o.a.j.t.JMeterThread: Thread finished: Task API 1-1
2025-11-14 20:23:13,878 INFO o.a.j.t.JMeterThread: Thread started: Task API 1-4
2025-11-14 20:23:13,899 INFO o.a.j.t.JMeterThread: Thread is done: Task API 1-4
2025-11-14 20:23:13,899 INFO o.a.j.t.JMeterThread: Thread finished: Task API 1-4
2025-11-14 20:23:13,979 INFO o.a.j.t.JMeterThread: Thread started: Task API 1-5
2025-11-14 20:23:13,997 INFO o.a.j.t.JMeterThread: Thread is done: Task API 1-5
2025-11-14 20:23:13,997 INFO o.a.j.t.JMeterThread: Thread finished: Task API 1-5
2025-11-14 20:23:14,078 INFO o.a.j.t.JMeterThread: Thread started: Task API 1-6
2025-11-14 20:23:14,095 INFO o.a.j.t.JMeterThread: Thread is done: Task API 1-6
2025-11-14 20:23:14,095 INFO o.a.j.t.JMeterThread: Thread finished: Task API 1-6
2025-11-14 20:23:14,178 INFO o.a.j.t.JMeterThread: Thread started: Task API 1-7
2025-11-14 20:23:14,190 INFO o.a.j.t.JMeterThread: Thread is done: Task API 1-7
2025-11-14 20:23:14,190 INFO o.a.j.t.JMeterThread: Thread finished: Task API 1-7
2025-11-14 20:23:14,277 INFO o.a.j.t.JMeterThread: Thread started: Task API 1-8
2025-11-14 20:23:14,298 INFO o.a.j.t.JMeterThread: Thread is done: Task API 1-8
2025-11-14 20:23:14,298 INFO o.a.j.t.JMeterThread: Thread finished: Task API 1-8
2025-11-14 20:23:14,376 INFO o.a.j.t.JMeterThread: Thread started: Task API 1-9
2025-11-14 20:23:14,386 INFO o.a.j.t.JMeterThread: Thread is done: Task API 1-9
2025-11-14 20:23:14,386 INFO o.a.j.t.JMeterThread: Thread finished: Task API 1-9
2025-11-14 20:23:14,477 INFO o.a.j.t.JMeterThread: Thread started: Task API 1-10
2025-11-14 20:23:14,494 INFO o.a.j.t.JMeterThread: Thread is done: Task API 1-10
2025-11-14 20:23:14,494 INFO o.a.j.t.JMeterThread: Thread finished: Task API 1-10
2025-11-14 20:23:14,577 INFO o.a.j.t.JMeterThread: Thread started: Task API 1-11
2025-11-14 20:23:14,596 INFO o.a.j.t.JMeterThread: Thread is done: Task API 1-11
2025-11-14 20:23:14,596 INFO o.a.j.t.JMeterThread: Thread finished: Task API 1-11
2025-11-14 20:23:14,676 INFO o.a.j.t.JMeterThread: Thread started: Task API 1-12
2025-11-14 20:23:14,689 INFO o.a.j.t.JMeterThread: Thread is done: Task API 1-12
2025-11-14 20:23:14,689 INFO o.a.j.t.JMeterThread: Thread finished: Task API 1-12
2025-11-14 20:23:14,773 INFO o.a.j.t.JMeterThread: Thread started: Task API 1-13
2025-11-14 20:23:14,786 INFO o.a.j.t.JMeterThread: Thread is done: Task API 1-13
2025-11-14 20:23:14,786 INFO o.a.j.t.JMeterThread: Thread finished: Task API 1-13
2025-11-14 20:23:14,873 INFO o.a.j.t.JMeterThread: Thread started: Task API 1-14
2025-11-14 20:23:14,888 INFO o.a.j.t.JMeterThread: Thread is done: Task API 1-14
2025-11-14 20:23:14,888 INFO o.a.j.t.JMeterThread: Thread finished: Task API 1-14
2025-11-14 20:23:14,973 INFO o.a.j.t.JMeterThread: Thread started: Task API 1-15
2025-11-14 20:23:14,987 INFO o.a.j.t.JMeterThread: Thread is done: Task API 1-15
2025-11-14 20:23:14,988 INFO o.a.j.t.JMeterThread: Thread finished: Task API 1-15
2025-11-14 20:23:15,072 INFO o.a.j.t.JMeterThread: Thread started: Task API 1-16
2025-11-14 20:23:15,090 INFO o.a.j.t.JMeterThread: Thread is done: Task API 1-16
2025-11-14 20:23:15,090 INFO o.a.j.t.JMeterThread: Thread finished: Task API 1-16
2025-11-14 20:23:15,174 INFO o.a.j.t.JMeterThread: Thread started: Task API 1-17
2025-11-14 20:23:15,191 INFO o.a.j.t.JMeterThread: Thread is done: Task API 1-17
2025-11-14 20:23:15,192 INFO o.a.j.t.JMeterThread: Thread finished: Task API 1-17
2025-11-14 20:23:15,274 INFO o.a.j.t.JMeterThread: Thread started: Task API 1-18
2025-11-14 20:23:15,291 INFO o.a.j.t.JMeterThread: Thread is done: Task API 1-18
2025-11-14 20:23:15,291 INFO o.a.j.t.JMeterThread: Thread finished: Task API 1-18
2025-11-14 20:23:15,373 INFO o.a.j.t.JMeterThread: Thread started: Task API 1-19
2025-11-14 20:23:15,390 INFO o.a.j.t.JMeterThread: Thread is done: Task API 1-19
2025-11-14 20:23:15,390 INFO o.a.j.t.JMeterThread: Thread finished: Task API 1-19
2025-11-14 20:23:15,472 INFO o.a.j.t.JMeterThread: Thread started: Task API 1-20
2025-11-14 20:23:15,488 INFO o.a.j.t.JMeterThread: Thread is done: Task API 1-20
2025-11-14 20:23:15,488 INFO o.a.j.t.JMeterThread: Thread finished: Task API 1-20
2025-11-14 20:23:15,570 INFO o.a.j.t.JMeterThread: Thread started: Task API 1-21
2025-11-14 20:23:15,585 INFO o.a.j.t.JMeterThread: Thread is done: Task API 1-21
2025-11-14 20:23:15,585 INFO o.a.j.t.JMeterThread: Thread finished: Task API 1-21
2025-11-14 20:23:15,670 INFO o.a.j.t.JMeterThread: Thread started: Task API 1-22
2025-11-14 20:23:15,686 INFO o.a.j.t.JMeterThread: Thread is done: Task API 1-22
2025-11-14 20:23:15,687 INFO o.a.j.t.JMeterThread: Thread finished: Task API 1-22
2025-11-14 20:23:15,770 INFO o.a.j.t.JMeterThread: Thread started: Task API 1-23
2025-11-14 20:23:15,786 INFO o.a.j.t.JMeterThread: Thread is done: Task API 1-23
2025-11-14 20:23:15,787 INFO o.a.j.t.JMeterThread: Thread finished: Task API 1-23
2025-11-14 20:23:15,868 INFO o.a.j.t.JMeterThread: Thread started: Task API 1-24
2025-11-14 20:23:15,884 INFO o.a.j.t.JMeterThread: Thread is done: Task API 1-24
2025-11-14 20:23:15,884 INFO o.a.j.t.JMeterThread: Thread finished: Task API 1-24
2025-11-14 20:23:15,967 INFO o.a.j.t.JMeterThread: Thread started: Task API 1-25
2025-11-14 20:23:15,982 INFO o.a.j.t.JMeterThread: Thread is done: Task API 1-25
2025-11-14 20:23:15,982 INFO o.a.j.t.JMeterThread: Thread finished: Task API 1-25
2025-11-14 20:23:16,067 INFO o.a.j.t.JMeterThread: Thread started: Task API 1-26
2025-11-14 20:23:16,085 INFO o.a.j.t.JMeterThread: Thread is done: Task API 1-26
2025-11-14 20:23:16,085 INFO o.a.j.t.JMeterThread: Thread finished: Task API 1-26
2025-11-14 20:23:16,167 INFO o.a.j.t.JMeterThread: Thread started: Task API 1-27
2025-11-14 20:23:16,184 INFO o.a.j.t.JMeterThread: Thread is done: Task API 1-27
2025-11-14 20:23:16,185 INFO o.a.j.t.JMeterThread: Thread finished: Task API 1-27
2025-11-14 20:23:16,267 INFO o.a.j.t.JMeterThread: Thread started: Task API 1-28
2025-11-14 20:23:16,283 INFO o.a.j.t.JMeterThread: Thread is done: Task API 1-28
2025-11-14 20:23:16,284 INFO o.a.j.t.JMeterThread: Thread finished: Task API 1-28
2025-11-14 20:23:16,367 INFO o.a.j.t.JMeterThread: Thread started: Task API 1-29
2025-11-14 20:23:16,382 INFO o.a.j.t.JMeterThread: Thread is done: Task API 1-29
2025-11-14 20:23:16,382 INFO o.a.j.t.JMeterThread: Thread finished: Task API 1-29
2025-11-14 20:23:16,468 INFO o.a.j.t.JMeterThread: Thread started: Task API 1-30
2025-11-14 20:23:16,480 INFO o.a.j.t.JMeterThread: Thread is done: Task API 1-30
2025-11-14 20:23:16,480 INFO o.a.j.t.JMeterThread: Thread finished: Task API 1-30
2025-11-14 20:23:16,567 INFO o.a.j.t.JMeterThread: Thread started: Task API 1-31
2025-11-14 20:23:16,583 INFO o.a.j.t.JMeterThread: Thread is done: Task API 1-31
2025-11-14 20:23:16,583 INFO o.a.j.t.JMeterThread: Thread finished: Task API 1-31
2025-11-14 20:23:16,666 INFO o.a.j.t.JMeterThread: Thread started: Task API 1-32
2025-11-14 20:23:16,684 INFO o.a.j.t.JMeterThread: Thread is done: Task API 1-32
2025-11-14 20:23:16,686 INFO o.a.j.t.JMeterThread: Thread finished: Task API 1-32
2025-11-14 20:23:16,766 INFO o.a.j.t.JMeterThread: Thread started: Task API 1-33
2025-11-14 20:23:16,784 INFO o.a.j.t.JMeterThread: Thread is done: Task API 1-33
2025-11-14 20:23:16,784 INFO o.a.j.t.JMeterThread: Thread finished: Task API 1-33
2025-11-14 20:23:16,867 INFO o.a.j.t.JMeterThread: Thread started: Task API 1-34
2025-11-14 20:23:16,893 INFO o.a.j.t.JMeterThread: Thread is done: Task API 1-34
2025-11-14 20:23:16,893 INFO o.a.j.t.JMeterThread: Thread finished: Task API 1-34
2025-11-14 20:23:16,966 INFO o.a.j.t.JMeterThread: Thread started: Task API 1-35
2025-11-14 20:23:16,985 INFO o.a.j.t.JMeterThread: Thread is done: Task API 1-35
2025-11-14 20:23:16,985 INFO o.a.j.t.JMeterThread: Thread finished: Task API 1-35
2025-11-14 20:23:17,067 INFO o.a.j.t.JMeterThread: Thread started: Task API 1-36
2025-11-14 20:23:17,081 INFO o.a.j.t.JMeterThread: Thread is done: Task API 1-36
2025-11-14 20:23:17,082 INFO o.a.j.t.JMeterThread: Thread finished: Task API 1-36
2025-11-14 20:23:17,167 INFO o.a.j.t.JMeterThread: Thread started: Task API 1-37
2025-11-14 20:23:17,185 INFO o.a.j.t.JMeterThread: Thread is done: Task API 1-37
2025-11-14 20:23:17,185 INFO o.a.j.t.JMeterThread: Thread finished: Task API 1-37
2025-11-14 20:23:17,267 INFO o.a.j.t.JMeterThread: Thread started: Task API 1-38
2025-11-14 20:23:17,285 INFO o.a.j.t.JMeterThread: Thread is done: Task API 1-38
2025-11-14 20:23:17,285 INFO o.a.j.t.JMeterThread: Thread finished: Task API 1-38
2025-11-14 20:23:17,367 INFO o.a.j.t.JMeterThread: Thread started: Task API 1-39
2025-11-14 20:23:17,380 INFO o.a.j.t.JMeterThread: Thread is done: Task API 1-39
2025-11-14 20:23:17,381 INFO o.a.j.t.JMeterThread: Thread finished: Task API 1-39
2025-11-14 20:23:17,467 INFO o.a.j.t.JMeterThread: Thread started: Task API 1-40
2025-11-14 20:23:17,485 INFO o.a.j.t.JMeterThread: Thread is done: Task API 1-40
2025-11-14 20:23:17,485 INFO o.a.j.t.JMeterThread: Thread finished: Task API 1-40
2025-11-14 20:23:17,566 INFO o.a.j.t.JMeterThread: Thread started: Task API 1-41
2025-11-14 20:23:17,582 INFO o.a.j.t.JMeterThread: Thread is done: Task API 1-41
2025-11-14 20:23:17,582 INFO o.a.j.t.JMeterThread: Thread finished: Task API 1-41
2025-11-14 20:23:17,667 INFO o.a.j.t.JMeterThread: Thread started: Task API 1-42
2025-11-14 20:23:17,685 INFO o.a.j.t.JMeterThread: Thread is done: Task API 1-42
2025-11-14 20:23:17,685 INFO o.a.j.t.JMeterThread: Thread finished: Task API 1-42
2025-11-14 20:23:17,765 INFO o.a.j.t.JMeterThread: Thread started: Task API 1-43
2025-11-14 20:23:17,783 INFO o.a.j.t.JMeterThread: Thread is done: Task API 1-43
2025-11-14 20:23:17,783 INFO o.a.j.t.JMeterThread: Thread finished: Task API 1-43
2025-11-14 20:23:17,866 INFO o.a.j.t.JMeterThread: Thread started: Task API 1-44
2025-11-14 20:23:17,883 INFO o.a.j.t.JMeterThread: Thread is done: Task API 1-44
2025-11-14 20:23:17,883 INFO o.a.j.t.JMeterThread: Thread finished: Task API 1-44
2025-11-14 20:23:17,966 INFO o.a.j.t.JMeterThread: Thread started: Task API 1-45
2025-11-14 20:23:17,984 INFO o.a.j.t.JMeterThread: Thread is done: Task API 1-45
2025-11-14 20:23:17,984 INFO o.a.j.t.JMeterThread: Thread finished: Task API 1-45
2025-11-14 20:23:18,066 INFO o.a.j.t.JMeterThread: Thread started: Task API 1-46
2025-11-14 20:23:18,086 INFO o.a.j.t.JMeterThread: Thread is done: Task API 1-46
2025-11-14 20:23:18,086 INFO o.a.j.t.JMeterThread: Thread finished: Task API 1-46
2025-11-14 20:23:18,165 INFO o.a.j.t.JMeterThread: Thread started: Task API 1-47
2025-11-14 20:23:18,181 INFO o.a.j.t.JMeterThread: Thread is done: Task API 1-47
2025-11-14 20:23:18,181 INFO o.a.j.t.JMeterThread: Thread finished: Task API 1-47
2025-11-14 20:23:18,267 INFO o.a.j.t.JMeterThread: Thread started: Task API 1-48
2025-11-14 20:23:18,282 INFO o.a.j.t.JMeterThread: Thread is done: Task API 1-48
2025-11-14 20:23:18,282 INFO o.a.j.t.JMeterThread: Thread finished: Task API 1-48
2025-11-14 20:23:18,367 INFO o.a.j.t.JMeterThread: Thread started: Task API 1-49
2025-11-14 20:23:18,385 INFO o.a.j.t.JMeterThread: Thread is done: Task API 1-49
2025-11-14 20:23:18,385 INFO o.a.j.t.JMeterThread: Thread finished: Task API 1-49
2025-11-14 20:23:18,466 INFO o.a.j.t.JMeterThread: Thread started: Task API 1-50
2025-11-14 20:23:18,485 INFO o.a.j.t.JMeterThread: Thread is done: Task API 1-50
2025-11-14 20:23:18,485 INFO o.a.j.t.JMeterThread: Thread finished: Task API 1-50
2025-11-14 20:23:18,567 INFO o.a.j.t.JMeterThread: Thread started: Task API 1-51
2025-11-14 20:23:18,577 INFO o.a.j.t.JMeterThread: Thread is done: Task API 1-51
2025-11-14 20:23:18,577 INFO o.a.j.t.JMeterThread: Thread finished: Task API 1-51
2025-11-14 20:23:18,666 INFO o.a.j.t.JMeterThread: Thread started: Task API 1-52
2025-11-14 20:23:18,715 INFO o.a.j.t.JMeterThread: Thread is done: Task API 1-52
2025-11-14 20:23:18,715 INFO o.a.j.t.JMeterThread: Thread finished: Task API 1-52
2025-11-14 20:23:18,765 INFO o.a.j.t.JMeterThread: Thread started: Task API 1-53
2025-11-14 20:23:18,805 INFO o.a.j.t.JMeterThread: Thread is done: Task API 1-53
2025-11-14 20:23:18,805 INFO o.a.j.t.JMeterThread: Thread finished: Task API 1-53
2025-11-14 20:23:18,867 INFO o.a.j.t.JMeterThread: Thread started: Task API 1-54
2025-11-14 20:23:18,882 INFO o.a.j.t.JMeterThread: Thread is done: Task API 1-54
2025-11-14 20:23:18,883 INFO o.a.j.t.JMeterThread: Thread finished: Task API 1-54
2025-11-14 20:23:18,966 INFO o.a.j.t.JMeterThread: Thread started: Task API 1-55
2025-11-14 20:23:18,985 INFO o.a.j.t.JMeterThread: Thread is done: Task API 1-55
2025-11-14 20:23:18,985 INFO o.a.j.t.JMeterThread: Thread finished: Task API 1-55
2025-11-14 20:23:19,066 INFO o.a.j.t.JMeterThread: Thread started: Task API 1-56
2025-11-14 20:23:19,087 INFO o.a.j.t.JMeterThread: Thread is done: Task API 1-56
2025-11-14 20:23:19,087 INFO o.a.j.t.JMeterThread: Thread finished: Task API 1-56
2025-11-14 20:23:19,167 INFO o.a.j.t.JMeterThread: Thread started: Task API 1-57
2025-11-14 20:23:19,184 INFO o.a.j.t.JMeterThread: Thread is done: Task API 1-57
2025-11-14 20:23:19,184 INFO o.a.j.t.JMeterThread: Thread finished: Task API 1-57
2025-11-14 20:23:19,266 INFO o.a.j.t.JMeterThread: Thread started: Task API 1-58
2025-11-14 20:23:19,282 INFO o.a.j.t.JMeterThread: Thread is done: Task API 1-58
2025-11-14 20:23:19,283 INFO o.a.j.t.JMeterThread: Thread finished: Task API 1-58
2025-11-14 20:23:19,366 INFO o.a.j.t.JMeterThread: Thread started: Task API 1-59
2025-11-14 20:23:19,383 INFO o.a.j.t.JMeterThread: Thread is done: Task API 1-59
2025-11-14 20:23:19,383 INFO o.a.j.t.JMeterThread: Thread finished: Task API 1-59
2025-11-14 20:23:19,465 INFO o.a.j.t.JMeterThread: Thread started: Task API 1-60
2025-11-14 20:23:19,481 INFO o.a.j.t.JMeterThread: Thread is done: Task API 1-60
2025-11-14 20:23:19,481 INFO o.a.j.t.JMeterThread: Thread finished: Task API 1-60
2025-11-14 20:23:19,567 INFO o.a.j.t.JMeterThread: Thread started: Task API 1-61
2025-11-14 20:23:19,584 INFO o.a.j.t.JMeterThread: Thread is done: Task API 1-61
2025-11-14 20:23:19,598 INFO o.a.j.t.JMeterThread: Thread finished: Task API 1-61
2025-11-14 20:23:19,666 INFO o.a.j.t.JMeterThread: Thread started: Task API 1-62
2025-11-14 20:23:19,683 INFO o.a.j.t.JMeterThread: Thread is done: Task API 1-62
2025-11-14 20:23:19,683 INFO o.a.j.t.JMeterThread: Thread finished: Task API 1-62
2025-11-14 20:23:19,766 INFO o.a.j.t.JMeterThread: Thread started: Task API 1-63
2025-11-14 20:23:19,784 INFO o.a.j.t.JMeterThread: Thread is done: Task API 1-63
2025-11-14 20:23:19,784 INFO o.a.j.t.JMeterThread: Thread finished: Task API 1-63
2025-11-14 20:23:19,866 INFO o.a.j.t.JMeterThread: Thread started: Task API 1-64
2025-11-14 20:23:19,884 INFO o.a.j.t.JMeterThread: Thread is done: Task API 1-64
2025-11-14 20:23:19,884 INFO o.a.j.t.JMeterThread: Thread finished: Task API 1-64
2025-11-14 20:23:19,966 INFO o.a.j.t.JMeterThread: Thread started: Task API 1-65
2025-11-14 20:23:19,982 INFO o.a.j.t.JMeterThread: Thread is done: Task API 1-65
2025-11-14 20:23:19,982 INFO o.a.j.t.JMeterThread: Thread finished: Task API 1-65
2025-11-14 20:23:20,066 INFO o.a.j.t.JMeterThread: Thread started: Task API 1-66
2025-11-14 20:23:20,081 INFO o.a.j.t.JMeterThread: Thread is done: Task API 1-66
2025-11-14 20:23:20,082 INFO o.a.j.t.JMeterThread: Thread finished: Task API 1-66
2025-11-14 20:23:20,166 INFO o.a.j.t.JMeterThread: Thread started: Task API 1-67
2025-11-14 20:23:20,183 INFO o.a.j.t.JMeterThread: Thread is done: Task API 1-67
2025-11-14 20:23:20,183 INFO o.a.j.t.JMeterThread: Thread finished: Task API 1-67
2025-11-14 20:23:20,267 INFO o.a.j.t.JMeterThread: Thread started: Task API 1-68
2025-11-14 20:23:20,282 INFO o.a.j.t.JMeterThread: Thread is done: Task API 1-68
2025-11-14 20:23:20,282 INFO o.a.j.t.JMeterThread: Thread finished: Task API 1-68
2025-11-14 20:23:20,367 INFO o.a.j.t.JMeterThread: Thread started: Task API 1-69
2025-11-14 20:23:20,384 INFO o.a.j.t.JMeterThread: Thread is done: Task API 1-69
2025-11-14 20:23:20,384 INFO o.a.j.t.JMeterThread: Thread finished: Task API 1-69
2025-11-14 20:23:20,469 INFO o.a.j.t.JMeterThread: Thread started: Task API 1-70
2025-11-14 20:23:20,488 INFO o.a.j.t.JMeterThread: Thread is done: Task API 1-70
2025-11-14 20:23:20,488 INFO o.a.j.t.JMeterThread: Thread finished: Task API 1-70
2025-11-14 20:23:20,565 INFO o.a.j.t.JMeterThread: Thread started: Task API 1-71
2025-11-14 20:23:20,581 INFO o.a.j.t.JMeterThread: Thread is done: Task API 1-71
2025-11-14 20:23:20,582 INFO o.a.j.t.JMeterThread: Thread finished: Task API 1-71
2025-11-14 20:23:20,667 INFO o.a.j.t.JMeterThread: Thread started: Task API 1-72
2025-11-14 20:23:20,678 INFO o.a.j.t.JMeterThread: Thread is done: Task API 1-72
2025-11-14 20:23:20,678 INFO o.a.j.t.JMeterThread: Thread finished: Task API 1-72
2025-11-14 20:23:20,767 INFO o.a.j.t.JMeterThread: Thread started: Task API 1-73
2025-11-14 20:23:20,778 INFO o.a.j.t.JMeterThread: Thread is done: Task API 1-73
2025-11-14 20:23:20,778 INFO o.a.j.t.JMeterThread: Thread finished: Task API 1-73
2025-11-14 20:23:20,866 INFO o.a.j.t.JMeterThread: Thread started: Task API 1-74
2025-11-14 20:23:20,882 INFO o.a.j.t.JMeterThread: Thread is done: Task API 1-74
2025-11-14 20:23:20,883 INFO o.a.j.t.JMeterThread: Thread finished: Task API 1-74
2025-11-14 20:23:20,966 INFO o.a.j.t.JMeterThread: Thread started: Task API 1-75
2025-11-14 20:23:20,983 INFO o.a.j.t.JMeterThread: Thread is done: Task API 1-75
2025-11-14 20:23:20,983 INFO o.a.j.t.JMeterThread: Thread finished: Task API 1-75
2025-11-14 20:23:21,066 INFO o.a.j.t.JMeterThread: Thread started: Task API 1-76
2025-11-14 20:23:21,082 INFO o.a.j.t.JMeterThread: Thread is done: Task API 1-76
2025-11-14 20:23:21,082 INFO o.a.j.t.JMeterThread: Thread finished: Task API 1-76
2025-11-14 20:23:21,166 INFO o.a.j.t.JMeterThread: Thread started: Task API 1-77
2025-11-14 20:23:21,192 INFO o.a.j.t.JMeterThread: Thread is done: Task API 1-77
2025-11-14 20:23:21,192 INFO o.a.j.t.JMeterThread: Thread finished: Task API 1-77
2025-11-14 20:23:21,267 INFO o.a.j.t.JMeterThread: Thread started: Task API 1-78
2025-11-14 20:23:21,284 INFO o.a.j.t.JMeterThread: Thread is done: Task API 1-78
2025-11-14 20:23:21,284 INFO o.a.j.t.JMeterThread: Thread finished: Task API 1-78
2025-11-14 20:23:21,367 INFO o.a.j.t.JMeterThread: Thread started: Task API 1-79
2025-11-14 20:23:21,389 INFO o.a.j.t.JMeterThread: Thread is done: Task API 1-79
2025-11-14 20:23:21,390 INFO o.a.j.t.JMeterThread: Thread finished: Task API 1-79
2025-11-14 20:23:21,467 INFO o.a.j.t.JMeterThread: Thread started: Task API 1-80
2025-11-14 20:23:21,483 INFO o.a.j.t.JMeterThread: Thread is done: Task API 1-80
2025-11-14 20:23:21,483 INFO o.a.j.t.JMeterThread: Thread finished: Task API 1-80
2025-11-14 20:23:21,567 INFO o.a.j.t.JMeterThread: Thread started: Task API 1-81
2025-11-14 20:23:21,582 INFO o.a.j.t.JMeterThread: Thread is done: Task API 1-81
2025-11-14 20:23:21,582 INFO o.a.j.t.JMeterThread: Thread finished: Task API 1-81
2025-11-14 20:23:21,666 INFO o.a.j.t.JMeterThread: Thread started: Task API 1-82
2025-11-14 20:23:21,682 INFO o.a.j.t.JMeterThread: Thread is done: Task API 1-82
2025-11-14 20:23:21,682 INFO o.a.j.t.JMeterThread: Thread finished: Task API 1-82
2025-11-14 20:23:21,766 INFO o.a.j.t.JMeterThread: Thread started: Task API 1-83
2025-11-14 20:23:21,784 INFO o.a.j.t.JMeterThread: Thread is done: Task API 1-83
2025-11-14 20:23:21,784 INFO o.a.j.t.JMeterThread: Thread finished: Task API 1-83
2025-11-14 20:23:21,867 INFO o.a.j.t.JMeterThread: Thread started: Task API 1-84
2025-11-14 20:23:21,885 INFO o.a.j.t.JMeterThread: Thread is done: Task API 1-84
2025-11-14 20:23:21,885 INFO o.a.j.t.JMeterThread: Thread finished: Task API 1-84
2025-11-14 20:23:21,967 INFO o.a.j.t.JMeterThread: Thread started: Task API 1-85
2025-11-14 20:23:21,981 INFO o.a.j.t.JMeterThread: Thread is done: Task API 1-85
2025-11-14 20:23:21,981 INFO o.a.j.t.JMeterThread: Thread finished: Task API 1-85
2025-11-14 20:23:22,066 INFO o.a.j.t.JMeterThread: Thread started: Task API 1-86
2025-11-14 20:23:22,087 INFO o.a.j.t.JMeterThread: Thread is done: Task API 1-86
2025-11-14 20:23:22,087 INFO o.a.j.t.JMeterThread: Thread finished: Task API 1-86
2025-11-14 20:23:22,168 INFO o.a.j.t.JMeterThread: Thread started: Task API 1-87
2025-11-14 20:23:22,186 INFO o.a.j.t.JMeterThread: Thread is done: Task API 1-87
2025-11-14 20:23:22,186 INFO o.a.j.t.JMeterThread: Thread finished: Task API 1-87
2025-11-14 20:23:22,267 INFO o.a.j.t.JMeterThread: Thread started: Task API 1-88
2025-11-14 20:23:22,282 INFO o.a.j.t.JMeterThread: Thread is done: Task API 1-88
2025-11-14 20:23:22,282 INFO o.a.j.t.JMeterThread: Thread finished: Task API 1-88
2025-11-14 20:23:22,367 INFO o.a.j.t.JMeterThread: Thread started: Task API 1-89
2025-11-14 20:23:22,383 INFO o.a.j.t.JMeterThread: Thread is done: Task API 1-89
2025-11-14 20:23:22,383 INFO o.a.j.t.JMeterThread: Thread finished: Task API 1-89
2025-11-14 20:23:22,467 INFO o.a.j.t.JMeterThread: Thread started: Task API 1-90
2025-11-14 20:23:22,485 INFO o.a.j.t.JMeterThread: Thread is done: Task API 1-90
2025-11-14 20:23:22,485 INFO o.a.j.t.JMeterThread: Thread finished: Task API 1-90
2025-11-14 20:23:22,568 INFO o.a.j.t.JMeterThread: Thread started: Task API 1-91
2025-11-14 20:23:22,584 INFO o.a.j.t.JMeterThread: Thread is done: Task API 1-91
2025-11-14 20:23:22,584 INFO o.a.j.t.JMeterThread: Thread finished: Task API 1-91
2025-11-14 20:23:22,667 INFO o.a.j.t.JMeterThread: Thread started: Task API 1-92
2025-11-14 20:23:22,684 INFO o.a.j.t.JMeterThread: Thread is done: Task API 1-92
2025-11-14 20:23:22,685 INFO o.a.j.t.JMeterThread: Thread finished: Task API 1-92
2025-11-14 20:23:22,766 INFO o.a.j.t.JMeterThread: Thread started: Task API 1-93
2025-11-14 20:23:22,781 INFO o.a.j.t.JMeterThread: Thread is done: Task API 1-93
2025-11-14 20:23:22,782 INFO o.a.j.t.JMeterThread: Thread finished: Task API 1-93
2025-11-14 20:23:22,865 INFO o.a.j.t.JMeterThread: Thread started: Task API 1-94
2025-11-14 20:23:22,875 INFO o.a.j.t.JMeterThread: Thread is done: Task API 1-94
2025-11-14 20:23:22,875 INFO o.a.j.t.JMeterThread: Thread finished: Task API 1-94
2025-11-14 20:23:22,966 INFO o.a.j.t.JMeterThread: Thread started: Task API 1-95
2025-11-14 20:23:22,982 INFO o.a.j.t.JMeterThread: Thread is done: Task API 1-95
2025-11-14 20:23:22,982 INFO o.a.j.t.JMeterThread: Thread finished: Task API 1-95
2025-11-14 20:23:23,066 INFO o.a.j.t.JMeterThread: Thread started: Task API 1-96
2025-11-14 20:23:23,087 INFO o.a.j.t.JMeterThread: Thread is done: Task API 1-96
2025-11-14 20:23:23,087 INFO o.a.j.t.JMeterThread: Thread finished: Task API 1-96
2025-11-14 20:23:23,166 INFO o.a.j.t.JMeterThread: Thread started: Task API 1-97
2025-11-14 20:23:23,182 INFO o.a.j.t.JMeterThread: Thread is done: Task API 1-97
2025-11-14 20:23:23,182 INFO o.a.j.t.JMeterThread: Thread finished: Task API 1-97
2025-11-14 20:23:23,265 INFO o.a.j.t.JMeterThread: Thread started: Task API 1-98
2025-11-14 20:23:23,279 INFO o.a.j.t.JMeterThread: Thread is done: Task API 1-98
2025-11-14 20:23:23,280 INFO o.a.j.t.JMeterThread: Thread finished: Task API 1-98
2025-11-14 20:23:23,366 INFO o.a.j.t.JMeterThread: Thread started: Task API 1-99
2025-11-14 20:23:23,384 INFO o.a.j.t.JMeterThread: Thread is done: Task API 1-99
2025-11-14 20:23:23,384 INFO o.a.j.t.JMeterThread: Thread finished: Task API 1-99
2025-11-14 20:23:23,465 INFO o.a.j.t.JMeterThread: Thread started: Task API 1-100
2025-11-14 20:23:23,480 INFO o.a.j.t.JMeterThread: Thread is done: Task API 1-100
2025-11-14 20:23:23,481 INFO o.a.j.t.JMeterThread: Thread finished: Task API 1-100
2025-11-14 20:23:23,481 INFO o.a.j.e.StandardJMeterEngine: Notifying test listeners of end of test
2025-11-14 20:23:23,486 INFO o.a.j.r.Summariser: summary =    100 in 00:00:10 =   10.1/s Avg:    14 Min:     8 Max:    51 Err:     0 (0.00%)
2025-11-14 20:23:23,487 INFO o.a.j.JMeter: Generating Dashboard
2025-11-14 20:23:23,487 INFO o.a.j.r.d.ReportGenerator: Flushing result collector before report Generation
2025-11-14 20:23:23,582 INFO o.a.j.r.p.NormalizerSampleConsumer: Using format, 'ms', to parse timeStamp field
2025-11-14 20:23:23,723 INFO o.a.j.r.p.AbstractSampleConsumer: class org.apache.jmeter.report.processor.AggregateConsumer#stopProducing(): beginDate produced 0 samples
2025-11-14 20:23:23,724 INFO o.a.j.r.p.AbstractSampleConsumer: class org.apache.jmeter.report.processor.AggregateConsumer#stopProducing(): endDate produced 0 samples
2025-11-14 20:23:23,730 INFO o.a.j.r.p.AbstractSampleConsumer: class org.apache.jmeter.report.processor.ApdexSummaryConsumer#stopProducing(): apdexSummary produced 0 samples
2025-11-14 20:23:23,731 INFO o.a.j.r.p.AbstractSampleConsumer: class org.apache.jmeter.report.processor.RequestsSummaryConsumer#stopProducing(): requestsSummary produced 0 samples
2025-11-14 20:23:23,740 INFO o.a.j.r.p.AbstractSampleConsumer: class org.apache.jmeter.report.processor.StatisticsSummaryConsumer#stopProducing(): statisticsSummary produced 0 samples
2025-11-14 20:23:23,742 INFO o.a.j.r.p.AbstractSampleConsumer: class org.apache.jmeter.report.processor.Top5ErrorsBySamplerConsumer#stopProducing(): top5ErrorsBySampler produced 0 samples
2025-11-14 20:23:23,742 INFO o.a.j.r.p.AbstractSampleConsumer: class org.apache.jmeter.report.processor.ErrorsSummaryConsumer#stopProducing(): errorsSummary produced 0 samples
2025-11-14 20:23:23,742 INFO o.a.j.r.p.AbstractSampleConsumer: class org.apache.jmeter.report.processor.graph.impl.HitsPerSecondGraphConsumer#stopProducing(): hitsPerSecond produced 0 samples
2025-11-14 20:23:23,838 INFO o.a.j.r.p.AbstractSampleConsumer: class org.apache.jmeter.report.processor.graph.impl.LatencyVSRequestGraphConsumer#stopProducing(): latencyVsRequest produced 0 samples
2025-11-14 20:23:23,839 INFO o.a.j.r.p.AbstractSampleConsumer: class org.apache.jmeter.report.processor.graph.impl.SyntheticResponseTimeDistributionGraphConsumer#stopProducing(): syntheticResponseTimeDistribution produced 0 samples
2025-11-14 20:23:23,839 INFO o.a.j.r.p.AbstractSampleConsumer: class org.apache.jmeter.report.processor.graph.impl.BytesThroughputGraphConsumer#stopProducing(): bytesThroughputOverTime produced 0 samples
2025-11-14 20:23:23,839 INFO o.a.j.r.p.AbstractSampleConsumer: class org.apache.jmeter.report.processor.graph.impl.CodesPerSecondGraphConsumer#stopProducing(): codesPerSecond produced 0 samples
2025-11-14 20:23:23,924 INFO o.a.j.r.p.AbstractSampleConsumer: class org.apache.jmeter.report.processor.graph.impl.ResponseTimeVSRequestGraphConsumer#stopProducing(): responseTimeVsRequest produced 0 samples
2025-11-14 20:23:23,924 INFO o.a.j.r.p.AbstractSampleConsumer: class org.apache.jmeter.report.processor.FilterConsumer#stopProducing(): startIntervalControlerFilter produced 700 samples
2025-11-14 20:23:23,924 INFO o.a.j.r.p.AbstractSampleConsumer: class org.apache.jmeter.report.processor.graph.impl.TotalTPSGraphConsumer#stopProducing(): totalTPS produced 0 samples
2025-11-14 20:23:23,924 INFO o.a.j.r.p.AbstractSampleConsumer: class org.apache.jmeter.report.processor.graph.impl.ActiveThreadsGraphConsumer#stopProducing(): activeThreadsOverTime produced 0 samples
2025-11-14 20:23:23,924 INFO o.a.j.r.p.AbstractSampleConsumer: class org.apache.jmeter.report.processor.graph.impl.TimeVSThreadGraphConsumer#stopProducing(): timeVsThreads produced 0 samples
2025-11-14 20:23:23,924 INFO o.a.j.r.p.AbstractSampleConsumer: class org.apache.jmeter.report.processor.graph.impl.ResponseTimeDistributionGraphConsumer#stopProducing(): responseTimeDistribution produced 0 samples
2025-11-14 20:23:23,926 INFO o.a.j.r.p.AbstractSampleConsumer: class org.apache.jmeter.report.processor.graph.impl.TransactionsPerSecondGraphConsumer#stopProducing(): transactionsPerSecond produced 0 samples
2025-11-14 20:23:23,926 INFO o.a.j.r.p.AbstractSampleConsumer: class org.apache.jmeter.report.processor.graph.impl.ResponseTimePercentilesGraphConsumer#stopProducing(): responseTimePercentiles produced 0 samples
2025-11-14 20:23:23,927 INFO o.a.j.r.p.AbstractSampleConsumer: class org.apache.jmeter.report.processor.graph.impl.ResponseTimePercentilesOverTimeGraphConsumer#stopProducing(): responseTimePercentilesOverTime produced 0 samples
2025-11-14 20:23:23,927 INFO o.a.j.r.p.AbstractSampleConsumer: class org.apache.jmeter.report.processor.graph.impl.ResponseTimeOverTimeGraphConsumer#stopProducing(): responseTimesOverTime produced 0 samples
2025-11-14 20:23:23,927 INFO o.a.j.r.p.AbstractSampleConsumer: class org.apache.jmeter.report.processor.graph.impl.ConnectTimeOverTimeGraphConsumer#stopProducing(): connectTimeOverTime produced 0 samples
2025-11-14 20:23:23,927 INFO o.a.j.r.p.AbstractSampleConsumer: class org.apache.jmeter.report.processor.graph.impl.LatencyOverTimeGraphConsumer#stopProducing(): latenciesOverTime produced 0 samples
2025-11-14 20:23:23,927 INFO o.a.j.r.p.AbstractSampleConsumer: class org.apache.jmeter.report.processor.FilterConsumer#stopProducing(): nameFilter produced 1500 samples
2025-11-14 20:23:23,929 INFO o.a.j.r.p.AbstractSampleConsumer: class org.apache.jmeter.report.processor.FilterConsumer#stopProducing(): dateRangeFilter produced 300 samples
2025-11-14 20:23:23,929 INFO o.a.j.r.p.AbstractSampleConsumer: class org.apache.jmeter.report.processor.NormalizerSampleConsumer#stopProducing(): normalizer produced 100 samples
2025-11-14 20:23:23,930 INFO o.a.j.r.p.CsvFileSampleSource: produce(): 100 samples produced in 288ms on channel 0
2025-11-14 20:23:23,930 INFO o.a.j.r.d.ReportGenerator: Exporting data using exporter:'json' of className:'org.apache.jmeter.report.dashboard.JsonExporter'
2025-11-14 20:23:24,092 INFO o.a.j.r.d.JsonExporter: Found data for consumer statisticsSummary in context
2025-11-14 20:23:24,092 INFO o.a.j.r.d.JsonExporter: Creating statistics for overall
2025-11-14 20:23:24,092 INFO o.a.j.r.d.JsonExporter: Creating statistics for other transactions
2025-11-14 20:23:24,093 INFO o.a.j.r.d.JsonExporter: Checking output folder
2025-11-14 20:23:24,094 INFO o.a.j.r.d.JsonExporter: Writing statistics JSON to C:\SI\teste-software-univas\backend\tests\jmeter\reports\tasks\statistics.json
2025-11-14 20:23:24,161 INFO o.a.j.r.d.ReportGenerator: Exporting data using exporter:'html' of className:'org.apache.jmeter.report.dashboard.HtmlTemplateExporter'
2025-11-14 20:23:24,164 INFO o.a.j.r.d.HtmlTemplateExporter: Will generate dashboard in folder: C:\SI\teste-software-univas\backend\tests\jmeter\reports\tasks
2025-11-14 20:23:24,304 INFO o.a.j.r.d.HtmlTemplateExporter: Report will be generated in: C:\SI\teste-software-univas\backend\tests\jmeter\reports\tasks, creating folder structure
2025-11-14 20:23:24,307 INFO o.a.j.r.d.TemplateVisitor: Copying folder from 'C:\Tools\apache-jmeter-5.6.3\bin\report-template' to 'C:\SI\teste-software-univas\backend\tests\jmeter\reports\tasks', got message: C:\SI\teste-software-univas\backend\tests\jmeter\reports\tasks, found non empty folder with following content [C:\SI\teste-software-univas\backend\tests\jmeter\reports\tasks\statistics.json], will be ignored
2025-11-14 20:23:24,995 INFO o.a.j.JMeter: Dashboard generated
